Ganache CLI v6.10.1 (ganache-core: 2.11.2)

Available Accounts
==================
(0) 0xC28Ca9BF5d46A5De410Ee7e89ab34D01f16f0912 (10000 ETH)
(1) 0xDF4A7ca8AAAA520c502e9799749819BA588c5b11 (10000 ETH)
(2) 0xC264178263a325cf89E498c7B55D580C0071E4D1 (10000 ETH)
(3) 0xfC570660FcAC67AA50Bb32C09134EdAaf35D825d (10000 ETH)
(4) 0x34F67FB538Ef2DB776D333d791817A88BFf9461b (10000 ETH)
(5) 0x4c399F2194758332Be0cA965E61f7E7aa2a64aeB (10000 ETH)
(6) 0x396802D729217Ac011FB387eB0a61bDb7A5c9e4A (10000 ETH)
(7) 0x75624c41a6808406317F2759C20673eA8813109b (10000 ETH)
(8) 0x696098404774d495e4AbCdCEbFfFC4784C2d6E4b (10000 ETH)
(9) 0xAEd5029dd12Bc434B7181ccd5Db1685b054519B2 (10000 ETH)
(10) 0x9A82901319D417663Bd90d7b573e4ad9987B0c9D (10000 ETH)
(11) 0x37f1feEfB9553098e04C4e560Ff44F01957C4f51 (10000 ETH)
(12) 0xE42c65668929f88b1dA213Ec9B99Ea37b122236e (10000 ETH)
(13) 0xFAE19AA66C8De3abC65aEbEDf34f00faa0D2F945 (10000 ETH)
(14) 0xbb5f88E12Cbd21EAe06d8d34d2E2bc53Ea34c58B (10000 ETH)
(15) 0x669735BeD7b6e22Fa0842015181ed4D6B99f2C19 (10000 ETH)
(16) 0x81c3e8Ebd645BD410f59f6a74ccA9E301480eBd7 (10000 ETH)
(17) 0xCcdc6642EB232BCADf6C20D3c86c48471C0Df981 (10000 ETH)
(18) 0x51Bbc6359E0b21f86D8174B30F6E4927b8BBfBf2 (10000 ETH)
(19) 0xa558F85FDA04102B96f087cEDd0c6cc4A56d4D34 (10000 ETH)
(20) 0x525dc7CE4Cc4CD26c967eDEe90f6d4A08648abF9 (10000 ETH)
(21) 0x167d1B87299b200833F7C1334ABab49cFC352577 (10000 ETH)
(22) 0x03514027B9D39c757E967Cc91cD6ac9152E15021 (10000 ETH)
(23) 0x890c5fEeedc9991E9741e02a9aE933647E8F2fa2 (10000 ETH)
(24) 0x69382b24987809dbf06362dE2BE59a10B30E730D (10000 ETH)
(25) 0x9797172cb521E7AEFbF53D567e1fa4fb4d2Fc1bD (10000 ETH)
(26) 0x508757bE3F058Bf74Aa84e1d1892B3319bAD8A6D (10000 ETH)
(27) 0x7E03E3360ec3fA339CaA2eb01565967834276d88 (10000 ETH)
(28) 0x3332378CA130E504fCdB2d9311C71c6866974515 (10000 ETH)
(29) 0xfd59a96D61997114060F98371D7Fb5a9Ee41B33E (10000 ETH)
(30) 0xbc8E21B09369cDfc65bca9f1942A229B1e62615F (10000 ETH)
(31) 0x13f1da89b19395AD38fA3FEE4A91A50544A02229 (10000 ETH)
(32) 0x238CF25D45EBf17C8085Dd3b326D236A03606c53 (10000 ETH)
(33) 0xa6f6e723B2c06713e405Cf29B03052e9Fe6354DC (10000 ETH)
(34) 0x571DCDF3f36d41784F6139cC42Ab19DE70595D9f (10000 ETH)
(35) 0x3db8a2dBA481232a95afF03e2e0C3Ad7630BDc99 (10000 ETH)
(36) 0xE96feBc33Ac8De03a9747db2C4a64BB4b7399C1b (10000 ETH)
(37) 0xa2E9E83587E14aF8f07f4BaFAD2B04424e884787 (10000 ETH)
(38) 0x8D8A8392AFd0fC04697F60f3DAF7f739bBABCb20 (10000 ETH)
(39) 0x7A9476652ED358D01dd2c8455684B85ce3563e5A (10000 ETH)
(40) 0x40B41c3E74b47f1e18a8804344452BC3e7F601c7 (10000 ETH)
(41) 0x000d229FbD38a11cBa5b416553208d5c421BAFdf (10000 ETH)
(42) 0xa0Ad721a15E390a2C613AE6C28eD5180A1e9e3a8 (10000 ETH)
(43) 0xcDEBe20e3d56c254Ddbb61959A25Bc7b167b897D (10000 ETH)
(44) 0x53cE3A55d07fFBBE215cE679594cAAFba3c1f9cD (10000 ETH)
(45) 0x70C07dF6f3ca05C5A46EB60a9be42eA3001DF5bb (10000 ETH)
(46) 0xb7BFBc18a8ED52F8FB58300AF0fad58C9cEE838F (10000 ETH)
(47) 0x8E12eee95d0A9D5754E6100e949E15662E26d610 (10000 ETH)
(48) 0xe9E52D02B4991F0e5a0483f9B2FC3b98331Fa6eE (10000 ETH)
(49) 0x65cb273cC51f851E6CB2586C8244b86f65AA8e55 (10000 ETH)
(50) 0x10367Da55a99aD22f9b38572BfB1AE7dDe8675e6 (10000 ETH)
(51) 0x84803006fbd4863Aa9f57b5Eaa3CdC33f5EB3Db0 (10000 ETH)
(52) 0x7c64Ed7e20F3a68EB97065F46dBa6C00A0D6446D (10000 ETH)
(53) 0xD4134Dd6c899b0F485F429d388aa430f3eBDF5c5 (10000 ETH)
(54) 0x0F4984433Ea284C05C12B698e10F096e65294958 (10000 ETH)
(55) 0xbb03Ec4Eb56376653132cA4285d406933E1D4B21 (10000 ETH)
(56) 0x2161F68C541f7b0470584FF720a757bEE916882b (10000 ETH)
(57) 0xe697D5fEDB6048A853538dbb3053688D7d6CF9C5 (10000 ETH)
(58) 0x5C3113425485ABD802aFB64Aa71249E4006B1B4b (10000 ETH)
(59) 0x3418316951945F89596363d6aC5eC4F4727a35F5 (10000 ETH)
(60) 0x3e7ca97588E7cFaf427C5b999fF88255C23E70Ee (10000 ETH)
(61) 0x18bf0046F9684C127dD54bA57bd5Ec505CAA7E5c (10000 ETH)
(62) 0xc711d27789B9ad77718d62Ff068366BA570FE3E6 (10000 ETH)
(63) 0x1C0DD41e33c5eB836827256F33E7A812c2f26D0d (10000 ETH)
(64) 0xbEcFdD6C4b503da3fF81d7C0c6032092e8A25249 (10000 ETH)
(65) 0xe5DC4E43c9225379521d57C3DD30a363eB3Ca087 (10000 ETH)
(66) 0x5411F7c5D549510364E8EDB2D069d87CABe4f08F (10000 ETH)
(67) 0x62A37B8Ad59401Bf621982EbEB82f743BA35a511 (10000 ETH)
(68) 0xF65A0C77686F92402B588C0170082A7bb23a5840 (10000 ETH)
(69) 0xa9e4dbcaBbE130aae2E454d1178F3C738A90e5a1 (10000 ETH)
(70) 0x1B573c81bcA5E3e4Fd4e02eC2bF226eFDE516600 (10000 ETH)
(71) 0x3d498A8b31F0aBc51de4E7025e3cBdCD5e5aA8A6 (10000 ETH)
(72) 0x7e1DDaB71124E8cD7A225B67B338599Ede31D2C5 (10000 ETH)
(73) 0x7b0164193FC4E314F0C607639B0f579b36042Cba (10000 ETH)
(74) 0x9D22d637c15d4F999BeAa2e210f210C00463CAee (10000 ETH)
(75) 0xd05e1dE1c780FF33e5F7739e4565457236ee4846 (10000 ETH)
(76) 0xC8f8ffDC545f64ed121f44266aa9d16EDBB2ffa6 (10000 ETH)
(77) 0x890d44B15e956458F530dcE1a92579c772B7CE76 (10000 ETH)
(78) 0x6e0ECB35A0090195FbBf80111Ae9156c0500C92f (10000 ETH)
(79) 0x62836B3a436968920A541d551Dff8455d9C90fe4 (10000 ETH)
(80) 0x27A275f9A3B00445419FA5C99c5F96fc2098f9Ac (10000 ETH)
(81) 0x88985f20D055bE2625004461De00E30da813e53a (10000 ETH)
(82) 0x2bfCaE750c46CcaF097431aD068C15dE6b0a949B (10000 ETH)
(83) 0xA6D27EE410408cAA560a69CFff87ED35ADfF6581 (10000 ETH)
(84) 0x97fecC8AfC0314f9f2bd84739f49664841fa03ff (10000 ETH)
(85) 0x77ef4B9Fb2Dbc52415352dC0Ce472191f4e18A7E (10000 ETH)
(86) 0xcEd892573Fd4Bf08b8CeCD1bd84ac7C5f54aE874 (10000 ETH)
(87) 0x0EF93CE5c57C5e371BFF0cE7B524668C02371760 (10000 ETH)
(88) 0xFd0B80ecF458DC86125367d4F1117acd82089420 (10000 ETH)
(89) 0x6EF24806d544d45AdBEa75d0Cc2Aac37Db8463a1 (10000 ETH)
(90) 0x7f8E7b5997306ffe56B97F00211702756AE9F531 (10000 ETH)
(91) 0x5c9B75ac34ed5cc43920083B698898930bed0d08 (10000 ETH)
(92) 0x79dC978529f0E256352D6DD02343A6DD92F1b9B7 (10000 ETH)
(93) 0x136C6FeA9CcA771cD3789D157c871786eb77A5Ec (10000 ETH)
(94) 0x73528387AFccEe288E664783B9aDC1816a6Bd8Eb (10000 ETH)
(95) 0x4c0639292970d03675E6b66D0Dc4499cA0368988 (10000 ETH)
(96) 0x34117e7E2E0bcc6e6e4Ca060BE919E203a79b476 (10000 ETH)
(97) 0xB23208f04144f26ac035c842372e6F0a99F8A7DB (10000 ETH)
(98) 0x71069CBaC3765E62dED302aBbA01aD1eE522E267 (10000 ETH)
(99) 0x626c5c1bb29a8322c6cF7da646d50be93E20a8A8 (10000 ETH)

Private Keys
==================
(0) 0xfe8f495e182637646c30e7ad1e82b61e03800a52dba41404b2a21953dcdc049f
(1) 0xd0096f6fbf28653759035cd18e079e87d8d24eee9c8f04ab46bfe1c4d97b2d26
(2) 0x76d4a0087caa4813f05fe17c78cc1c7f5f2090955ae2b540351364b2b19cb1f5
(3) 0x6578ec5c79ad9af9f9ecccc91832a8ffcda95536836c9d585a6dc4bd33cab1b6
(4) 0x405019210b8b68a72f965f9da07737897db5284ddd16ba0838ebb587260d3303
(5) 0xbb0df1e948a64ff94f6f47fc87d769f024b7e5f0baa0a4048fdf9542b3502c90
(6) 0x81648b5e0f768f73dd72daef1bfbb6f5ed8ddfa3fee20fa2fcf27b3857d84cac
(7) 0x10688293f742d9012b3ebc734760bbca9f9a017a0b1ce07101c3b09f7dc3777a
(8) 0x34e42d22ddedd55cb26388040a6820bdc623c50b9b969ccdc48827f3acf642d3
(9) 0xd56d1b58e42fe97c5afaa30729c3fbd8548ef704d5309c164cabe505754f6584
(10) 0x78c1c0707006d1b06af49d1bf2afa9f4f699cfe43cb5c3a9859909186999e77e
(11) 0xbb80a0787d422f3144ebf3e0dc700f272d3c26b1aa8bd9303ff927cade43ab0e
(12) 0xa5c3ee3ff49a70456f2be3c6020437cc537b56161c8edc3b33202d1fb3243272
(13) 0xdd9ceaffd10e8a5688bf635033e275f95a9622190288f8a3d6ca4d9a9f56fc05
(14) 0xfd4e2322819fe78be9697751300347ada35939f4f31d1b3e4592b0614b6e9a57
(15) 0xaab6f5d29b52e8d08f03eb82fbdd969c661de19e105a94ed2e8cb85c0e4b67d8
(16) 0xcdfaae7537ac765a5790f4a3209bb7cc4a03af6b52e3f152848c2f27d07d9cff
(17) 0xeff133ffa4a88ef9e4b31c643d2171fb07cf9b7645cde0e41368be07f4cfce1e
(18) 0xeb39124d944a38147bb1efb9831bc1654bc518ea764dbc81b9f6cbd19c0b4383
(19) 0x5aa84351c3c31c824a7bb92dd46276579ffa13e4ee1064e1828e5e90af9598b2
(20) 0xe02e9db5a074f2f2840d526f4cbec381eb6c01511b4d0b115ec9d676d1549bdb
(21) 0x837056fdfccb101e541d8228824d94edac8dabbd55e6c1e01caed3520d40d617
(22) 0x6016ebc4da17f4f48375b24aeb9205ae247f440df7651bcfd4d151085da85ee3
(23) 0x54cbd69f0ebcb42cc5769d2f1f190502fb28cd2e813c83f9cf4ec29746b25dbe
(24) 0x9455e0c100debb553113bcb90ea1cdcb9880eeba760ce1b0fc4e9c3c9bad3438
(25) 0x16f9b383b71306a14097d874106443585b55bbc1e3d556c511ec4a720fdec763
(26) 0xca65796e0dfcf9896daabf37157234c70fe164487b7cff9fdf8c3b54499e4d4d
(27) 0x577b7620ce552a43dfd28140f947f9f6f2080a3308b88124705d43bda9435e30
(28) 0x90667556aa74b8fcda3214f0b7d9f1cf3f1401db3c6356123f5ab9d38669b973
(29) 0x01cee6f18d38f7c2249e5ab615a0edc9f14eab6a1c9fd260c9d5ded7de904a60
(30) 0xc16a181b91bfa225e2e75eed5b161065182ee4d68a2fa02cf881f74e93fe0816
(31) 0x309f01be08f00cc92f3f61f00583431d5bc5bd0fcd6222c048a75e65cf7989bd
(32) 0x90e9408e504e449ed5e07ce43d642e219080b4c2222b69f0b78272e5eb3f92b6
(33) 0x93cfda176067729b0b4d72fcb74ac3fcdf5c1125694cd17170f6db1eac03f8ed
(34) 0xd4efb884e137ad08b3edbe08aca07fbb95b1dcce7d2bcce16facd9ed78c65ad3
(35) 0xc749a5a339d7838cfc226d7f5eece9a01aa3116823cee40ecbbf85c4ccabe872
(36) 0x873e411fc90edc5095fd01997d85e9584c2665de3b4e2f89fad0f2166ba85dc0
(37) 0xc5d5afbf154e6b83a38578d409791d467608b33df1a32b2d8e3d3e148e58a602
(38) 0x2a43fbcb0dcc8f27eb0d9aa2d2e9bb86fe290b04e9dec4aa5ee2b07f2977b986
(39) 0xb156add0c886b3efd642467bc01866a0fddc57ce9e1baaef56d1c7dc69e1a2d8
(40) 0x095f4a632a73097d46cfd20d426eb763324b7da1958e19f2a3cc7994ccbf882b
(41) 0xab83052dcdb2fb89c9cc50236b4f5e529b8cf9c927bd37725274e867054a9880
(42) 0x0f1176650892ba7efec52837db580d7ac265b677d969a55e3d0aeca861fe492b
(43) 0x4c38f8caaee58bb5af4df3bfc5e49a86296a4e1c48015a569128bc9edaa8377b
(44) 0xf6c2113529433d6cdb9f672e5df16945f3fd9601ff93caaef15752ab2559ba01
(45) 0x780be20f2e7bd72d4adf2a3ca88b2fd747ecd50748f15507d4b1ed94dbd8471f
(46) 0xbcbae296b7846eaea81e92314555c078b4de760f9b2a641834b55859b1dfa9a9
(47) 0x6553d83ba5df0832f951733ff9abff350950e00844e65924a094479c2698f945
(48) 0x11002183ba331091a459ff11a744906875bff67b19fcbb323cf7d414b733cbef
(49) 0x1c5e363d93b348f8c8544a3c7d6e0519ea13bcf199218c7fc01e3e5d2d650c04
(50) 0x67ea4ea7ad0b106411d1ebc53e20ef9c0b88be2a168e7fc008c7e3e91a2f7afd
(51) 0x8ba654d1aed2bd02f28bd537e6f699462d92f85b09d61b47487d1c006cbe8322
(52) 0x05247aa423e781406b47e4ba5a8b9d7845181f8cf729c8c1e689b427d500639c
(53) 0xd78e64db0057fec809ef8cca3915ad5943127b3438c996b42f54e314b806b6f0
(54) 0x6c907cb5283a0b3d2124531fd8e5781f46d549edc7000e28fb6669faae7ee9c6
(55) 0x307554ccd2f37824424ba1721b635559a0f4fcc3bb4e6e04db594575b66a80bc
(56) 0xa41b642733f7d985868f5f75397da77f5fab137cbf3e68b68ec7bd5b9eb6b85b
(57) 0x1a5423c292b5ae2e79c761829fa152db156c809742fcf881b753dfd6384b83b5
(58) 0x1d07b3f889025941d25cb8fc43c219c4f1d308db9ae0b57f8b1781462c2a4381
(59) 0x34b631301ab74a5ae775e268cd87920b3c99a815c58120d51063b6722e027eac
(60) 0x114c0939a8f78ed2efc9c7e12276860934dbe573a51a3cf1dbeaf3d3422fab30
(61) 0x09ca66e126492b42bdeaa41802d45af7e31c9e6f5b3bf11f74e5c13bd0646030
(62) 0xcb26bae263a6ed13b00caa6362aabf8cd3e2b461e0c05443d5cd3292232381ca
(63) 0x63f7d1c6d31e604ca161d93cb87264d2a5cdd8afe7cd71aa84e3ddb3edf5d418
(64) 0x8245ea81b2a77223822a3f91eb07c10030a34e6e38df859646a4e3611b14f989
(65) 0x9a79acea51faadb9b38c0fe4047bd4957024ae356a011ce5bbc88a6cf3d4cc53
(66) 0x4d5c098e4c5012821c00fa2c18d180a2e324136b348002e52ea470a1ba42b005
(67) 0xcb9002352dd0d159387c796530f26eff95be6881d79567364981218c14bb5f91
(68) 0xa84bb9513d71974d218d46c36d3ba8677e1c08cf58aeb4b2334cf26286eae5c5
(69) 0x13f5f7fe8c80f9d5b476bd7c17972a21e25516ca43d480cfae98aefe52530e04
(70) 0x068f55604ed1c590000de6010ad38cc0232f105574595990e505d94e83552e48
(71) 0x02856d4d200d1e7e0d8b9b9c194706fc4bcc00df4b9eb0c293e0798532b558d3
(72) 0x3dd8a8ab99e51b0b010416e88dfe5c3a4feded9dd8a7fdf78653c537b4522e11
(73) 0x4e12e83730b3172ca37cecbae7c8639abd869c8fed08056e1631967b5bef9e4e
(74) 0xb644c1912d3644b3cc7f4cd4bbb6783b6f088dc0853f8f537f809070971a910e
(75) 0x6c0c84de80a61b4c46fda39a6157b3681045d19d55f0e2a0772b7ea9d57414ef
(76) 0x0a8c377964e9775693a4575376abf02c2e4f6b239e2969dbc002b4eaae2def6a
(77) 0x2dac93b9f14b80402ad7ac1459977d01d5dcb00b9571664fd3768290ca9eda2b
(78) 0x731ff8fd68e533450b8b4284796c6681dd375ea905dccb2f53571a48cc551fe6
(79) 0xe84998734928dd2e8c01f2f55281f3364c82ce8da0c4dbed946b7b79e45d5347
(80) 0x4df03d9bb9b0083e042d375c50ffec678a88faee6e947d7efad58ff4916b62b5
(81) 0x0db1a2dff879cde9c5500e8890d8e6106f5d7a0c124e1688d939f041eeafe20e
(82) 0x85a457f420117b3fae5712db001ccbade3a48dc5a93859462ad9a6ca0fd711a5
(83) 0x87ba2bb01be0d8a08f177ac44bccd3e1ac28268ec660739fecd0ea5db7df2d76
(84) 0x82a51eb28b51f782b58a8fa80b5f5a3eee899d037fbd4dd81e6108e38340f8ea
(85) 0x63bcd19c10e0a7500d71f8a392c45721dc01170a9c7a21101ae74f9206841c46
(86) 0x9416cf3c618c5d49055a84c3402e643b9cd66caa9f1528f53cfdceec44ac682d
(87) 0x474536bfabb4487a1ceb8e04591b93b1cd200e1d511927c0966087d9ff01c271
(88) 0xec001873e0fefbfacd29703dc32f047b770d26f8ca31ab9ed1eb6f271192d1f6
(89) 0xfd06e7a55654fb4e1c23e8b3b7fd608dc694765c7ae973994c8fde6ce6139e30
(90) 0x18a64954df8165ca538c3d7db992f3ac83bd5b42944cb3893ca83181da0ef26d
(91) 0x6a1b4732c054050edcd76e76eb75d7ed24abc9dba5f46d3c5d0cf478ca524192
(92) 0x0dc1b9905b2fd51c209a62a01a66767c23e7ef746ec4d600904b0d12cc8701e9
(93) 0xea9ec745dc8563dec36e0674c6517635b3916a659def5fe9a9873f24058db052
(94) 0x127681b3b5fb89f5c28d515d93d3898d4a0ce6fb07551e7a7b884c988fc7671f
(95) 0x10cc42ee7c84a329f2094478c3f0f1c75fb84bd7fb661a895756f8d107a699ee
(96) 0x07df34b6f82cd37f32aad8c5d30dace9a2e4f01041de72b9a9aba2520351080b
(97) 0x5352662a356b7c66afc8fa44e90f4c79809b0b158cbb0dbbf3b8c934c0d1b465
(98) 0x157ca488389f7c70159659767fbe57d9982b1b8718208b07e0d9d80d51d43cce
(99) 0xc32942d9838dacbb8ddee4abe20399e9b1cb3f1cd959b61cec929ecd7401763e

HD Wallet
==================
Mnemonic:      tumble blue voice insane depend reflect element avocado tired cave service record
Base HD Path:  m/44'/60'/0'/0/{account_index}

Gas Price
==================
20000000000

Gas Limit
==================
3294197972992

Call Gas Limit
==================
9007199254740991

Listening on 127.0.0.1:8545
